MyApplication/app/build/intermediates/manifest_merge_blame_file/debug/manifest-merger-blame-debug-report.txt
1<?xml version="1.0" encoding="utf-8"?>
2<manifest xmlns:android="http://schemas.android.com/apk/res/android"
3    package="com.example.myapplication"
4    android:versionCode="1"
5    android:versionName="1.0" >
6
7    <uses-sdk
8        android:minSdkVersion="16"
8-->src\main\AndroidManifest.xml
9        android:targetSdkVersion="30" />
9-->src\main\AndroidManifest.xml
10
11    <uses-permission android:name="android.permission.INTERNET" />
11-->src\main\AndroidManifest.xml:4:5-66
11-->src\main\AndroidManifest.xml:4:22-64
12
13    <application
13-->src\main\AndroidManifest.xml:5:5-20:19
14        android:allowBackup="true"
14-->src\main\AndroidManifest.xml:6:13-39
15        android:appComponentFactory="androidx.core.app.CoreComponentFactory"
15-->[androidx.core:core:1.3.1] AndroidManifest.xml:24:18-86
16        android:debuggable="true"
17        android:icon="@mipmap/ic_launcher"
17-->src\main\AndroidManifest.xml:7:13-47
18        android:label="@string/app_name"
18-->src\main\AndroidManifest.xml:8:13-45
19        android:roundIcon="@mipmap/ic_launcher_round"
19-->src\main\AndroidManifest.xml:9:13-58
20        android:supportsRtl="true"
20-->src\main\AndroidManifest.xml:10:13-39
21        android:testOnly="true"
22        android:theme="@style/AppTheme"
22-->src\main\AndroidManifest.xml:12:13-44
23        android:usesCleartextTraffic="true" >
23-->src\main\AndroidManifest.xml:11:13-48
24        <activity android:name="com.example.myapplication.MainActivity" >
24-->src\main\AndroidManifest.xml:13:9-19:20
24-->src\main\AndroidManifest.xml:13:19-47
25            <intent-filter>
25-->src\main\AndroidManifest.xml:14:13-18:29
26                <action android:name="android.intent.action.MAIN" />
26-->src\main\AndroidManifest.xml:15:17-68
26-->src\main\AndroidManifest.xml:15:25-66
27
28                <category android:name="android.intent.category.LAUNCHER" />
28-->src\main\AndroidManifest.xml:17:17-76
28-->src\main\AndroidManifest.xml:17:27-74
29            </intent-filter>
30        </activity>
31    </application>
32
33</manifest>